2025-03-12 10:20:47 - INFO - This is an info message.
2025-03-12 10:20:47 - WARNING - This is a warning!
2025-03-12 10:20:47 - ERROR - An error occurred!
2025-03-12 10:27:17 - INFO - This is an info message./opt/github_public_repo/Audit-Collections-Users-Linux/python_handler/gather_user_data_linux_systems
2025-03-12 10:30:25 - INFO - File local_report_ has been moved to /tmp/local_report___moved_2025-03-12t10h30m25s source /opt/github_public_repo/Audit-Collections-Users-Linux/python_handler/gather_user_data_linux_systems/opt/github_public_repo/Audit-Collections-Users-Linux/python_handler/gather_user_data_linux_systems
2025-03-12 10:31:06 - INFO - File: local_report_ has been moved to: /tmp/local_report___moved_2025-03-12t10h31m06s source: /opt/github_public_repo/Audit-Collections-Users-Linux/python_handler/gather_user_data_linux_systems/opt/github_public_repo/Audit-Collections-Users-Linux/python_handler/gather_user_data_linux_systems
2025-03-12 10:31:50 - INFO - File: local_report_ has been moved to: /tmp/local_report___moved_2025-03-12t10h31m50s source: /opt/github_public_repo/Audit-Collections-Users-Linux/python_handler/gather_user_data_linux_systems/opt/github_public_repo/Audit-Collections-Users-Linux/python_handler/gather_user_data_linux_systems
2025-03-12 10:33:14 - INFO - File: local_report_ has been moved to: /tmp/local_report___moved_2025-03-12t10h33m14s source: /opt/github_public_repo/Audit-Collections-Users-Linux/python_handler/gather_user_data_linux_systems /opt/github_public_repo/Audit-Collections-Users-Linux/python_handler/gather_user_data_linux_systems
2025-03-12 10:37:01 - INFO - File: local_report_ has been moved to: /tmp/local_report___moved_2025-03-12t10h37m01s source: /opt/github_public_repo/Audit-Collections-Users-Linux/python_handler/gather_user_data_linux_systems
2025-03-12 10:37:23 - INFO - File: local_report_ has been moved to: /tmp/local_report___moved_2025-03-12t10h37m23s original source: /opt/github_public_repo/Audit-Collections-Users-Linux/python_handler/gather_user_data_linux_systems
2025-03-12 10:37:49 - INFO - File: local_report_ has been moved to: /tmp/local_report___moved_2025-03-12t10h37m49s. Original source: /opt/github_public_repo/Audit-Collections-Users-Linux/python_handler/gather_user_data_linux_systems
2025-03-12 10:48:54 - INFO - File: local_report_ has been moved to: /tmp/local_report___moved_2025-03-12t10h48m54s. Original source: /opt/github_public_repo/Audit-Collections-Users-Linux/python_handler/gather_user_data_linux_systems
2025-03-12 10:48:54 - INFO - This is an info message. 1
2025-03-12 10:48:54 - INFO - This is an info message. 1
2025-03-12 10:48:54 - INFO - This is an info message. 1
2025-03-12 10:48:54 - INFO - This is an info message. 1
2025-03-12 10:48:54 - INFO - This is an info message. 1
2025-03-12 10:48:54 - INFO - This is an info message. 1
2025-03-12 10:48:54 - INFO - This is an info message. 1
2025-03-12 10:48:54 - INFO - This is an info message. 1
2025-03-12 10:48:54 - INFO - This is an info message. 1
2025-03-12 10:48:54 - INFO - This is an info message. 1
2025-03-12 10:48:54 - INFO - This is an info message. 1
2025-03-12 10:48:54 - INFO - This is an info message. 1
2025-03-12 10:48:54 - INFO - This is an info message. 1
2025-03-12 10:48:54 - INFO - This is an info message. 1
2025-03-12 10:48:54 - INFO - This is an info message. 1
2025-03-12 10:48:54 - INFO - This is an info message. 1
2025-03-12 10:48:54 - INFO - This is an info message. 1
2025-03-12 10:48:54 - INFO - This is an info message. 1
2025-03-12 10:48:54 - INFO - This is an info message. 1
2025-03-12 10:48:54 - INFO - This is an info message. 1
2025-03-12 10:48:54 - INFO - This is an info message. 1
2025-03-12 10:48:54 - INFO - This is an info message. 1
2025-03-12 10:48:54 - INFO - This is an info message. 1
2025-03-12 10:48:54 - INFO - This is an info message. 1
2025-03-12 10:48:54 - INFO - This is an info message. 1
2025-03-12 10:48:54 - INFO - This is an info message. 1
2025-03-12 10:48:54 - INFO - This is an info message. 1
2025-03-12 10:48:54 - INFO - This is an info message. 1
2025-03-12 10:48:54 - INFO - This is an info message. 1
2025-03-12 10:48:54 - INFO - This is an info message. 1
2025-03-12 10:48:54 - INFO - This is an info message. 1
2025-03-12 10:48:54 - INFO - This is an info message. 1
2025-03-12 10:48:54 - INFO - This is an info message. 1
2025-03-12 10:48:54 - INFO - This is an info message. 1
2025-03-12 10:48:54 - INFO - This is an info message. 1
2025-03-12 10:48:54 - INFO - This is an info message. 1
2025-03-12 10:48:54 - INFO - This is an info message. 1
2025-03-12 10:48:54 - INFO - This is an info message. 1
2025-03-12 10:48:54 - INFO - This is an info message. 1
2025-03-12 10:48:54 - INFO - This is an info message. 1
2025-03-12 10:48:54 - INFO - This is an info message. 1
2025-03-12 10:48:54 - INFO - This is an info message. 1
2025-03-12 10:48:54 - INFO - This is an info message. 1
2025-03-12 10:48:54 - INFO - This is an info message. 1
2025-03-12 10:48:54 - INFO - This is an info message. 1
2025-03-12 10:48:54 - INFO - This is an info message. 1
2025-03-12 10:48:54 - INFO - This is an info message. 1
2025-03-12 10:48:54 - INFO - This is an info message. 1
2025-03-12 10:48:54 - INFO - This is an info message. 1
2025-03-12 10:48:54 - INFO - This is an info message. 1
2025-03-12 10:48:54 - INFO - This is an info message. 1
2025-03-12 10:48:54 - INFO - This is an info message. 1
2025-03-12 10:48:54 - INFO - This is an info message. 1
2025-03-12 12:45:46 - INFO - File: local_report_ has been moved to: /tmp/local_report___moved_2025-03-12t12h45m46s. Original source: /opt/github_public_repo/Audit-Collections-Users-Linux/python_handler/gather_user_data_linux_systems
2025-03-12 12:58:15 - INFO - File: local_report_ has been moved to: /tmp/local_report___moved_2025-03-12t12h58m15s. Original source: /opt/github_public_repo/Audit-Collections-Users-Linux/python_handler/gather_user_data_linux_systems
2025-03-12 16:42:11 - INFO - File: local_report_ has been moved to: /tmp/local_report___moved_2025-03-12t16h42m11s. Original source: /opt/github_public_repo/Audit-Collections-Users-Linux/python_handler/gather_user_data_linux_systems
